make all --print-data-base --no-builtin-variables --no-builtin-rules --question
# GNU Make 4.2.1
# Built for x86_64-pc-linux-gnu
# Copyright (C) 1988-2016 Free Software Foundation, Inc.
# License GPLv3+: GNU GPL version 3 or later <http://gnu.org/licenses/gpl.html>
# This is free software: you are free to change and redistribute it.
# There is NO WARRANTY, to the extent permitted by law.

# Make data base, printed on Tue Jun 28 08:35:18 2022

# Variables

# 'override' directive
GNUMAKEFLAGS := 
# automatic
<D = $(patsubst %/,%,$(dir $<))
# automatic
?F = $(notdir $?)
# environment
PAPERSIZE = a4
# environment
DESKTOP_SESSION = ubuntu
# default
.SHELLFLAGS := -c
# environment
XDG_SESSION_CLASS = user
# makefile (from 'Makefile', line 15)
SRC = main.cxx surface/train-ningbo.cxx src/callback.cxx src/network_data.cxx src/main_data.cxx src/io_A.cxx src/io_B.cxx src/io_C.cxx src/image_deal.cxx src/basedata.cxx src/Broadcast.cxx src/aircondition_set.cxx src/reset_delay.cxx src/Broadcast_Switch.cxx src/brightness.cxx src/BrakeCheck.cxx src/transport.cxx src/time.cxx src/portdata.cxx src/login.cxx src/password.cxx src/diameter.cxx src/ver.cxx src/total.cxx src/line.cxx src/station_set.cxx src/DCU.cxx src/SIV.cxx src/CarID.cxx src/acceleration.cxx src/set_cab.cxx control/effort.cxx src/wrong.cxx src/brake_resistor.cxx src/test.cxx src/DCU_M.cxx src/passby.cxx src/auto_brightness.cxx 
# environment
XDG_SESSION_TYPE = x11
# environment
VSCODE_LOG_NATIVE = false
# automatic
?D = $(patsubst %/,%,$(dir $?))
# environment
IM_CONFIG_PHASE = 1
# automatic
@D = $(patsubst %/,%,$(dir $@))
# environment
XAUTHORITY = /run/user/1000/gdm/Xauthority
# environment
GDMSESSION = ubuntu
# environment
XMODIFIERS = @im=ibus
# makefile
CURDIR := /home/ztd/Downloads/李智/ningbo
# makefile
SHELL = /bin/sh
# environment
VSCODE_NLS_CONFIG = {"locale":"zh-cn","availableLanguages":{},"_languagePackSupport":true}
# environment
_ = /usr/share/code/code
# makefile (from 'Makefile', line 8)
CFLAGS = -Wall -DG_DISABLE_DEPRECATED -DGDK_DISABLE_DEPRECATED -DGDK_PIXBUF_DISABLE_DEPRECATED -DGTK_DISABLE_DEPRECATED -Wno-deprecated
# environment
JOURNAL_STREAM = 8:57858
# environment
XDG_CONFIG_DIRS = /etc/xdg/xdg-ubuntu:/etc/xdg
# makefile (from 'Makefile', line 1)
MAKEFILE_LIST :=  Makefile
# automatic
@F = $(notdir $@)
# environment
GIO_LAUNCHED_DESKTOP_FILE = /usr/share/applications/code.desktop
# makefile (from 'Makefile', line 84)
LIB_PPC = -L/usr/local/fltk/ppc/lib/X11  -lXext -lX11 -L/usr/local/fltk/ppc/lib/linux  -lz -lm -lpthread
# environment
USERNAME = ztd
# environment
MAKELEVEL := 0
# environment
MANDATORY_PATH = /usr/share/gconf/ubuntu.mandatory.path
# environment
XDG_DATA_DIRS = /usr/share/ubuntu:/usr/local/share/:/usr/share/:/var/lib/snapd/desktop:/opt/apps/com.alibabainc.dingtalk/entries:/opt/apps/com.qq.weixin.deepin/entries:/opt/apps/com.alibabainc.dingtalk/entries:/opt/apps/com.qq.weixin.deepin/entries
# environment
DBUS_SESSION_BUS_ADDRESS = unix:path=/run/user/1000/bus
# environment
VSCODE_VERBOSE_LOGGING = true
# environment
MANAGERPID = 1923
# environment
LESSOPEN = | /usr/bin/lesspipe %s
# environment
LC_NAME = zh_CN.UTF-8
# environment
VSCODE_CWD = /home/ztd
# default
MAKE_HOST := x86_64-pc-linux-gnu
# environment
PATH = /home/ztd/.local/bin:/home/ztd/bin:/home/ztd/.local/bin:/home/ztd/bin:/usr/local/sbin:/usr/local/bin:/usr/sbin:/usr/bin:/sbin:/bin:/usr/games:/usr/local/games:/snap/bin:/home/ztd/Desktop/share/test/linux/tools/gcc-linaro-4.9.4-2017.01-x86_64_arm-linux-gnueabihf/bin:/home/ztd/Desktop/share/test/linux/tools/gcc_riscv32-linux-7.3.0/gcc_riscv32/bin:/home/ztd/Desktop/share/test/linux/tools/gn.1523/gn:/home/ztd/Desktop/share/test/linux/tools/ninja.1.9.0/ninja
# environment
GPG_AGENT_INFO = /run/user/1000/gnupg/S.gpg-agent:0:1
# environment
GJS_DEBUG_OUTPUT = stderr
# environment
SESSION_MANAGER = local/ubuntu:@/tmp/.ICE-unix/2555,unix/ubuntu:/tmp/.ICE-unix/2555
# environment
XDG_RUNTIME_DIR = /run/user/1000
# makefile (from 'Makefile', line 4)
OBJECT = app
# makefile (from 'Makefile', line 80)
INCLUDE_PPC = -I/usr/X11R6/include -I/usr/local/fltk/ppc/include -I/usr/local/fltk/ppc/include/comm 
# makefile (from 'Makefile', line 88)
FLTKLIB_PPC = /usr/local/fltk/ppc/lib/fltk/libfltk.a /usr/local/fltk/ppc/lib/fltk/libfltk_images.a /usr/local/fltk/ppc/lib/fltk/libfltk_png.a /usr/local/fltk/ppc/lib/fltk/libfltk_jpeg.a /usr/local/fltk/ppc/lib/comm/libmvb_ppc.a /usr/local/fltk/ppc/lib/comm/libtpx20_ppc.a
# environment
XDG_MENU_PREFIX = gnome-
# environment
VSCODE_LOG_STACK = false
# environment
ELECTRON_RUN_AS_NODE = 1
# environment
INVOCATION_ID = bd2c314b40d042ff8acba797f3baad97
# makefile (from 'Makefile', line 62)
LIB = -L/usr/local/fltk/pc/lib/X11  -lXext -lX11 -L/usr/local/fltk/pc/lib/linux  -lz -ljpeg -lm -lpthread
# default
.FEATURES := target-specific order-only second-expansion else-if shortest-stem undefine oneshell archives jobserver output-sync check-symlink load
# makefile (from 'Makefile', line 3)
CCPPC = powerpc-603e-linux-g++
# environment
LS_COLORS = 
# environment
XDG_SESSION_DESKTOP = ubuntu
# environment
SSH_AUTH_SOCK = /run/user/1000/keyring/ssh
# environment
GIO_LAUNCHED_DESKTOP_FILE_PID = 13126
# automatic
%F = $(notdir $%)
# environment
DISPLAY = :1
# environment
VSCODE_PIPE_LOGGING = true
# environment
PWD = /home/ztd/Downloads/李智/ningbo
# default
.LOADED := 
# environment
SSH_AGENT_PID = 2524
# environment
ORIGINAL_XDG_CURRENT_DESKTOP = ubuntu:GNOME
# environment
GTK_MODULES = gail:atk-bridge
# environment
VSCODE_AMD_ENTRYPOINT = vs/workbench/api/node/extensionHostProcess
# environment
HOME = /home/ztd
# environment
LESSCLOSE = /usr/bin/lesspipe %s %s
# environment
VSCODE_CODE_CACHE_PATH = /home/ztd/.config/Code/CachedData/30d9c6cd9483b2cc586687151bcbcd635f373630
# environment
LOGNAME = ztd
# environment
APPLICATION_INSIGHTS_NO_DIAGNOSTIC_CHANNEL = 1
# automatic
+F = $(notdir $+)
# environment
VSCODE_HANDLES_UNCAUGHT_ERRORS = true
# environment
GNOME_DESKTOP_SESSION_ID = this-is-deprecated
# automatic
^D = $(patsubst %/,%,$(dir $^))
# makefile (from 'Makefile', line 65)
FLTKLIB = /usr/local/fltk/pc/lib/fltk/libfltk.a /usr/local/fltk/pc/lib/fltk/libfltk_images.a /usr/local/fltk/pc/lib/fltk/libfltk_png.a /usr/local/fltk/pc/lib/comm/libmvb.a /usr/local/fltk/pc/lib/comm/libtpx20.a
# environment
LC_TIME = zh_CN.UTF-8
# default
MAKE = $(MAKE_COMMAND)
# default
MAKECMDGOALS := all
# environment
QT_IM_MODULE = ibus
# environment
SHLVL = 0
# makefile (from 'Makefile', line 2)
CC = arm-linux-gnueabihf-gcc
# environment
GNOME_SHELL_SESSION_MODE = ubuntu
# environment
VSCODE_IPC_HOOK_EXTHOST = /run/user/1000/vscode-ipc-3b0f04ca-5428-4493-ad31-5c9bfde4a409.sock
# default
MAKE_VERSION := 4.2.1
# environment
USER = ztd
# environment
LC_MONETARY = zh_CN.UTF-8
# makefile
.DEFAULT_GOAL := app
# makefile (from 'Makefile', line 54)
INCLUDE = -I/usr/X11R6/include -I/usr/local/fltk/pc/include -I/usr/local/fltk/pc/include/comm
# environment
XDG_CURRENT_DESKTOP = Unity
# automatic
%D = $(patsubst %/,%,$(dir $%))
# environment
LC_TELEPHONE = zh_CN.UTF-8
# default
MAKE_COMMAND := make
# default
.VARIABLES := 
# automatic
*F = $(notdir $*)
# environment
LANGUAGE = en_US:en
# environment
VSCODE_IPC_HOOK = /run/user/1000/vscode-c5b13712-1.68.1-main.sock
# makefile
MAKEFLAGS = pqrR
# environment
MFLAGS = -pqrR
# automatic
*D = $(patsubst %/,%,$(dir $*))
# automatic
+D = $(patsubst %/,%,$(dir $+))
# environment
GDK_BACKEND = x11
# environment
LC_PAPER = zh_CN.UTF-8
# makefile (from 'Makefile', line 5)
OBJECT_ARM = armapp
# environment
QT_ACCESSIBILITY = 1
# environment
DEFAULTS_PATH = /usr/share/gconf/ubuntu.default.path
# makefile (from 'Makefile', line 71)
LIB_ARM = -L/usr/local/fltk/arm/lib/X11  -lXext -lX11 -L/usr/local/fltk/arm/lib/linux  -lz -ljpeg -lm -lpthread
# default
MAKEFILES := 
# environment
LC_NUMERIC = zh_CN.UTF-8
# automatic
<F = $(notdir $<)
# makefile (from 'Makefile', line 1)
CXX = g++
# environment
LC_MEASUREMENT = zh_CN.UTF-8
# environment
LC_ALL = C
# environment
GJS_DEBUG_TOPICS = JS ERROR;JS LOG
# automatic
^F = $(notdir $^)
# makefile (from 'Makefile', line 6)
OBJECT_PPC = ppcapp
# default
SUFFIXES := 
# environment
CHROME_DESKTOP = code-url-handler.desktop
# environment
WINDOWPATH = 2
# default
.INCLUDE_DIRS = /usr/include /usr/local/include /usr/include
# environment
LC_IDENTIFICATION = zh_CN.UTF-8
# default
.RECIPEPREFIX := 
# makefile (from 'Makefile', line 58)
INCLUDE_ARM = -I/usr/X11R6/include -I/usr/local/fltk/arm/include -I/usr/local/fltk/arm/include/comm
# environment
LC_ADDRESS = zh_CN.UTF-8
# environment
LANG = C
# environment
VSCODE_PID = 13126
# makefile (from 'Makefile', line 74)
FLTKLIB_ARM = /usr/local/fltk/arm/lib/fltk/libfltk.a /usr/local/fltk/arm/lib/fltk/libfltk_images.a /usr/local/fltk/arm/lib/fltk/libfltk_png.a /usr/local/fltk/arm/lib/comm/libmvb_arm.a /usr/local/fltk/arm/lib/comm/libtpx20_arm.a
# variable set hash-table stats:
# Load=127/1024=12%, Rehash=0, Collisions=21/154=14%

# Pattern-specific Variable Values

# No pattern-specific variable values.

# Directories

# . (device 66309, inode 13387335): 37 files, no impossibilities.

# 37 files, no impossibilities in 1 directories.

# Implicit Rules

# No implicit rules.

# Files

# Not a target:
src/line.cxx:
#  Implicit rule search has not been done.
#  Modification time never checked.
#  File has not been updated.

# Not a target:
src/password.cxx:
#  Implicit rule search has not been done.
#  Modification time never checked.
#  File has not been updated.

ppc:
#  Implicit rule search has not been done.
#  Modification time never checked.
#  File has not been updated.
#  recipe to execute (from 'Makefile', line 105):
 
make: *** No rule to make target 'all'.  Stop.

	$(CCPPC) $(SRC) -o $(OBJECT_PPC) $(CFLAGS)   $(INCLUDE_PPC) $(LIB_PPC) $(FLTKLIB_PPC)

PHONY: arm ppc
#  Implicit rule search has not been done.
#  Modification time never checked.
#  File has not been updated.

# Not a target:
src/DCU_M.cxx:
#  Implicit rule search has not been done.
#  Modification time never checked.
#  File has not been updated.

# Not a target:
all:
#  Command line target.
#  Implicit rule search has been done.
#  File does not exist.
#  File has not been updated.

# Not a target:
src/BrakeCheck.cxx:
#  Implicit rule search has not been done.
#  Modification time never checked.
#  File has not been updated.

# Not a target:
src/transport.cxx:
#  Implicit rule search has not been done.
#  Modification time never checked.
#  File has not been updated.

# Not a target:
src/Broadcast_Switch.cxx:
#  Implicit rule search has not been done.
#  Modification time never checked.
#  File has not been updated.

# Not a target:
src/io_A.cxx:
#  Implicit rule search has not been done.
#  Modification time never checked.
#  File has not been updated.

# Not a target:
src/total.cxx:
#  Implicit rule search has not been done.
#  Modification time never checked.
#  File has not been updated.

# Not a target:
src/Broadcast.cxx:
#  Implicit rule search has not been done.
#  Modification time never checked.
#  File has not been updated.

# Not a target:
Makefile:
#  Implicit rule search has been done.
#  Last modified 2022-06-27 21:32:11.2642108
#  File has been updated.
#  Successfully updated.

app: main.cxx surface/train-ningbo.cxx src/callback.cxx src/network_data.cxx src/main_data.cxx src/io_A.cxx src/io_B.cxx src/io_C.cxx src/image_deal.cxx src/basedata.cxx src/Broadcast.cxx src/aircondition_set.cxx src/reset_delay.cxx src/Broadcast_Switch.cxx src/brightness.cxx src/BrakeCheck.cxx src/transport.cxx src/time.cxx src/portdata.cxx src/login.cxx src/password.cxx src/diameter.cxx src/ver.cxx src/total.cxx src/line.cxx src/station_set.cxx src/DCU.cxx src/SIV.cxx src/CarID.cxx src/acceleration.cxx src/set_cab.cxx control/effort.cxx src/wrong.cxx src/brake_resistor.cxx src/test.cxx src/DCU_M.cxx src/passby.cxx src/auto_brightness.cxx
#  Implicit rule search has not been done.
#  Modification time never checked.
#  File has not been updated.
#  recipe to execute (from 'Makefile', line 97):
	$(CXX) $(SRC) -o $(OBJECT) $(CFLAGS)   $(INCLUDE) $(LIB) $(FLTKLIB)	      

# Not a target:
src/reset_delay.cxx:
#  Implicit rule search has not been done.
#  Modification time never checked.
#  File has not been updated.

# Not a target:
src/station_set.cxx:
#  Implicit rule search has not been done.
#  Modification time never checked.
#  File has not been updated.

# Not a target:
src/set_cab.cxx:
#  Implicit rule search has not been done.
#  Modification time never checked.
#  File has not been updated.

# Not a target:
src/image_deal.cxx:
#  Implicit rule search has not been done.
#  Modification time never checked.
#  File has not been updated.

# Not a target:
src/io_B.cxx:
#  Implicit rule search has not been done.
#  Modification time never checked.
#  File has not been updated.

arm:
#  Implicit rule search has not been done.
#  Modification time never checked.
#  File has not been updated.
#  recipe to execute (from 'Makefile', line 101):
	$(CC) $(SRC) -o $(OBJECT_ARM) $(CFLAGS)   $(INCLUDE_ARM) $(LIB_ARM) $(FLTKLIB_ARM)
	

# Not a target:
src/callback.cxx:
#  Implicit rule search has not been done.
#  Modification time never checked.
#  File has not been updated.

# Not a target:
src/diameter.cxx:
#  Implicit rule search has not been done.
#  Modification time never checked.
#  File has not been updated.

# Not a target:
src/test.cxx:
#  Implicit rule search has not been done.
#  Modification time never checked.
#  File has not been updated.

# Not a target:
surface/train-ningbo.cxx:
#  Implicit rule search has not been done.
#  Modification time never checked.
#  File has not been updated.

# Not a target:
src/basedata.cxx:
#  Implicit rule search has not been done.
#  Modification time never checked.
#  File has not been updated.

# Not a target:
src/portdata.cxx:
#  Implicit rule search has not been done.
#  Modification time never checked.
#  File has not been updated.

# Not a target:
src/CarID.cxx:
#  Implicit rule search has not been done.
#  Modification time never checked.
#  File has not been updated.

# Not a target:
src/ver.cxx:
#  Implicit rule search has not been done.
#  Modification time never checked.
#  File has not been updated.

# Not a target:
.DEFAULT:
#  Implicit rule search has not been done.
#  Modification time never checked.
#  File has not been updated.

# Not a target:
src/wrong.cxx:
#  Implicit rule search has not been done.
#  Modification time never checked.
#  File has not been updated.

clean:
#  Implicit rule search has not been done.
#  Modification time never checked.
#  File has not been updated.
#  recipe to execute (from 'Makefile', line 108):
	rm -f *.o $(OBJECT) $(OBJECT_ARM) $(OBJECT_PPC)

# Not a target:
src/main_data.cxx:
#  Implicit rule search has not been done.
#  Modification time never checked.
#  File has not been updated.

# Not a target:
src/time.cxx:
#  Implicit rule search has not been done.
#  Modification time never checked.
#  File has not been updated.

# Not a target:
src/aircondition_set.cxx:
#  Implicit rule search has not been done.
#  Modification time never checked.
#  File has not been updated.

# Not a target:
src/brightness.cxx:
#  Implicit rule search has not been done.
#  Modification time never checked.
#  File has not been updated.

# Not a target:
control/effort.cxx:
#  Implicit rule search has not been done.
#  Modification time never checked.
#  File has not been updated.

# Not a target:
src/acceleration.cxx:
#  Implicit rule search has not been done.
#  Modification time never checked.
#  File has not been updated.

# Not a target:
src/io_C.cxx:
#  Implicit rule search has not been done.
#  Modification time never checked.
#  File has not been updated.

# Not a target:
src/auto_brightness.cxx:
#  Implicit rule search has not been done.
#  Modification time never checked.
#  File has not been updated.

# Not a target:
src/DCU.cxx:
#  Implicit rule search has not been done.
#  Modification time never checked.
#  File has not been updated.

# Not a target:
src/passby.cxx:
#  Implicit rule search has not been done.
#  Modification time never checked.
#  File has not been updated.

# Not a target:
src/network_data.cxx:
#  Implicit rule search has not been done.
#  Modification time never checked.
#  File has not been updated.

# Not a target:
main.cxx:
#  Implicit rule search has not been done.
#  Modification time never checked.
#  File has not been updated.

# Not a target:
src/login.cxx:
#  Implicit rule search has not been done.
#  Modification time never checked.
#  File has not been updated.

# Not a target:
src/brake_resistor.cxx:
#  Implicit rule search has not been done.
#  Modification time never checked.
#  File has not been updated.

# Not a target:
src/SIV.cxx:
#  Implicit rule search has not been done.
#  Modification time never checked.
#  File has not been updated.

# files hash-table stats:
# Load=47/1024=5%, Rehash=0, Collisions=6/100=6%
# VPATH Search Paths

# No 'vpath' search paths.

# No general ('VPATH' variable) search path.

# strcache buffers: 1 (0) / strings = 83 / storage = 1099 B / avg = 13 B
# current buf: size = 8162 B / used = 1099 B / count = 83 / avg = 13 B

# strcache performance: lookups = 98 / hit rate = 15%
# hash-table stats:
# Load=83/8192=1%, Rehash=0, Collisions=3/98=3%
# Finished Make data base on Tue Jun 28 08:35:18 2022

 
